<?xml version="1.0" encoding="UTF-8"?>
<!-- Generated by org.testng.reporters.JUnitReportReporter -->
<testsuite name="apachePoi.Multiple" tests="1" time="2.096" ignored="0" failures="0" timestamp="21 Apr 2021 06:45:12 GMT" skipped="0" hostname="Kalyani" errors="0">
  <testcase name="loginWithMultipleEntry" time="2.096" classname="apachePoi.Multiple"/>
</testsuite> <!-- apachePoi.Multiple -->
