<?xml version="1.0" encoding="UTF-8"?>
<!-- Generated by org.testng.reporters.JUnitReportReporter -->
<testsuite name="apachePoi.ReadUserApache" tests="5" time="1.042" ignored="0" failures="0" timestamp="26 Apr 2021 06:49:23 GMT" skipped="0" hostname="Kalyani" errors="0">
  <testcase name="verifyUserTable" time="0.186" classname="apachePoi.ReadUserApache"/>
  <testcase name="verifyUserTable" time="0.172" classname="apachePoi.ReadUserApache"/>
  <testcase name="verifyUserTable" time="0.210" classname="apachePoi.ReadUserApache"/>
  <testcase name="verifyUserTable" time="0.257" classname="apachePoi.ReadUserApache"/>
  <testcase name="verifyUserTable" time="0.217" classname="apachePoi.ReadUserApache"/>
</testsuite> <!-- apachePoi.ReadUserApache -->
