<?xml version="1.0" encoding="UTF-8"?>
<!-- Generated by org.testng.reporters.JUnitReportReporter -->
<testsuite name="apachePoi.LoginPoiExcel" tests="3" time="5.675" ignored="0" failures="0" timestamp="22 Apr 2021 05:25:40 GMT" skipped="0" hostname="Kalyani" errors="0">
  <testcase name="test" time="2.444" classname="apachePoi.LoginPoiExcel"/>
  <testcase name="test" time="1.633" classname="apachePoi.LoginPoiExcel"/>
  <testcase name="test" time="1.598" classname="apachePoi.LoginPoiExcel"/>
</testsuite> <!-- apachePoi.LoginPoiExcel -->
