<?xml version="1.0" encoding="UTF-8"?>
<!-- Generated by org.testng.reporters.JUnitReportReporter -->
<testsuite name="apachePoi.MultipleLogin" tests="1" time="2.257" ignored="0" failures="0" timestamp="26 Apr 2021 08:07:06 GMT" skipped="0" hostname="Kalyani" errors="0">
  <testcase name="loginWithMultipleEntry" time="2.257" classname="apachePoi.MultipleLogin"/>
</testsuite> <!-- apachePoi.MultipleLogin -->
