<?xml version="1.0" encoding="UTF-8"?>
<!-- Generated by org.testng.reporters.JUnitReportReporter -->
<testsuite name="apachePoi.XlsXOnlyExcelPoi" tests="1" time="0.525" ignored="0" failures="0" timestamp="26 Apr 2021 08:32:39 GMT" skipped="0" hostname="Kalyani" errors="0">
  <testcase name="test" time="0.525" classname="apachePoi.XlsXOnlyExcelPoi"/>
</testsuite> <!-- apachePoi.XlsXOnlyExcelPoi -->
