<?xml version="1.0" encoding="UTF-8"?>
<!-- Generated by org.testng.reporters.JUnitReportReporter -->
<testsuite name="apachePoi.ReadHeadReadData" tests="5" time="0.637" ignored="0" failures="0" timestamp="26 Apr 2021 02:53:17 GMT" skipped="0" hostname="Kalyani" errors="0">
  <testcase name="verifyUserTable" time="0.142" classname="apachePoi.ReadHeadReadData"/>
  <testcase name="verifyUserTable" time="0.133" classname="apachePoi.ReadHeadReadData"/>
  <testcase name="verifyUserTable" time="0.117" classname="apachePoi.ReadHeadReadData"/>
  <testcase name="verifyUserTable" time="0.127" classname="apachePoi.ReadHeadReadData"/>
  <testcase name="verifyUserTable" time="0.118" classname="apachePoi.ReadHeadReadData"/>
</testsuite> <!-- apachePoi.ReadHeadReadData -->
