<?xml version="1.0" encoding="UTF-8"?>
<!-- Generated by org.testng.reporters.JUnitReportReporter -->
<testsuite name="apachePoi.RegisterPgRead" tests="5" time="2.959" ignored="0" failures="0" timestamp="26 Apr 2021 06:52:45 GMT" skipped="0" hostname="Kalyani" errors="0">
  <testcase name="registerTest" time="0.666" classname="apachePoi.RegisterPgRead"/>
  <testcase name="registerTest" time="0.520" classname="apachePoi.RegisterPgRead"/>
  <testcase name="registerTest" time="0.639" classname="apachePoi.RegisterPgRead"/>
  <testcase name="registerTest" time="0.578" classname="apachePoi.RegisterPgRead"/>
  <testcase name="registerTest" time="0.556" classname="apachePoi.RegisterPgRead"/>
</testsuite> <!-- apachePoi.RegisterPgRead -->
