<?xml version="1.0" encoding="UTF-8"?>
<!-- Generated by org.testng.reporters.JUnitReportReporter -->
<testsuite name="apachePoi.AddUser" tests="1" time="5.843" ignored="0" failures="0" timestamp="26 Apr 2021 06:58:24 GMT" skipped="0" hostname="Kalyani" errors="0">
  <testcase name="addUserWithMultipleEntry" time="5.843" classname="apachePoi.AddUser"/>
</testsuite> <!-- apachePoi.AddUser -->
