<?xml version="1.0" encoding="UTF-8"?>
<!-- Generated by org.testng.reporters.JUnitReportReporter -->
<testsuite name="apachePoi.KiranLogin" tests="1" time="2.154" ignored="0" failures="0" timestamp="26 Apr 2021 08:29:23 GMT" skipped="0" hostname="Kalyani" errors="0">
  <testcase name="loginTest" time="2.154" classname="apachePoi.KiranLogin"/>
</testsuite> <!-- apachePoi.KiranLogin -->
