<?xml version="1.0" encoding="UTF-8"?>
<!-- Generated by org.testng.reporters.JUnitReportReporter -->
<testsuite name="apachePoi.ReadBothxlsandxlsx" tests="1" time="0.520" ignored="0" failures="0" timestamp="26 Apr 2021 08:40:57 GMT" skipped="0" hostname="Kalyani" errors="0">
  <testcase name="getData" time="0.520" classname="apachePoi.ReadBothxlsandxlsx"/>
</testsuite> <!-- apachePoi.ReadBothxlsandxlsx -->
