<?xml version="1.0" encoding="UTF-8"?>
<!-- Generated by org.testng.reporters.JUnitReportReporter -->
<testsuite name="com.tests.LoginTest" tests="2" time="10.520" ignored="0" failures="0" timestamp="05 Apr 2021 03:27:02 GMT" skipped="0" hostname="Kalyani" errors="0">
  <testcase name="loginTestCase" time="10.331" classname="com.tests.LoginTest"/>
  <testcase name="registerTest" time="0.189" classname="com.tests.LoginTest"/>
</testsuite> <!-- com.tests.LoginTest -->
