<?xml version="1.0" encoding="UTF-8"?>
<!-- Generated by org.testng.reporters.JUnitReportReporter -->
<testsuite name="apachePoi.A" tests="1" time="0.853" ignored="0" failures="0" timestamp="21 Apr 2021 04:17:47 GMT" skipped="0" hostname="Kalyani" errors="0">
  <testcase name="readCode" time="0.853" classname="apachePoi.A"/>
</testsuite> <!-- apachePoi.A -->
