<?xml version="1.0" encoding="UTF-8"?>
<!-- Generated by org.testng.reporters.JUnitReportReporter -->
<testsuite name="apachePoi.AllTypeExcelRead" tests="1" time="0.316" ignored="0" failures="0" timestamp="22 Apr 2021 06:26:45 GMT" skipped="0" hostname="Kalyani" errors="0">
  <testcase name="readCode" time="0.316" classname="apachePoi.AllTypeExcelRead"/>
</testsuite> <!-- apachePoi.AllTypeExcelRead -->
